<?xml version="1.0" encoding="UTF-8"?>
<!-- Generated by org.testng.reporters.JUnitXMLReporter -->
<testsuite hostname="Ranjith" ignored="1" name="Test" tests="2" failures="1" timestamp="08 Jan 2022 08:23:55 GMT" time="0.14" errors="0">
  <testcase name="test2" time="0.032" classname="com.fb.Employee">
    <failure type="graphql.AssertException" message="condition expected to be true">
      <![CDATA[graphql.AssertException: condition expected to be true
at graphql.Assert.assertTrue(Assert.java:85)
at com.fb.Employee.test2(Employee.java:16)
... Removed 25 stack frames]]>
    </failure>
  </testcase> <!-- test2 -->
  <testcase name="test1" time="0.015" classname="com.fb.Employee"/>
  <testcase name="test3" time="0.0" classname="com.fb.Employee">
    <ignored/>
  </testcase> <!-- test3 -->
</testsuite> <!-- Test -->
